<?xml version="1.0" encoding="UTF-8"?>
<testng-results skipped="0" failed="0" ignored="0" total="1" passed="1">
  <reporter-output>
  </reporter-output>
  <suite name="Default suite" duration-ms="53" started-at="2022-08-01T12:58:53 IST" finished-at="2022-08-01T12:58:53 IST">
    <groups>
    </groups>
    <test name="Default test" duration-ms="53" started-at="2022-08-01T12:58:53 IST" finished-at="2022-08-01T12:58:53 IST">
      <class name="Selenuimexample.Ananttest">
        <test-method status="PASS" signature="beforeSuite()[pri:0, instance:Selenuimexample.Ananttest@4fe3c938]" name="beforeSuite" is-config="true" duration-ms="22" started-at="2022-08-01T12:58:53 IST" finished-at="2022-08-01T12:58:53 IST">
          <reporter-output>
          </reporter-output>
        </test-method> <!-- beforeSuite -->
        <test-method status="PASS" signature="beforeTest()[pri:0, instance:Selenuimexample.Ananttest@4fe3c938]" name="beforeTest" is-config="true" duration-ms="1" started-at="2022-08-01T12:58:53 IST" finished-at="2022-08-01T12:58:53 IST">
          <reporter-output>
          </reporter-output>
        </test-method> <!-- beforeTest -->
        <test-method status="PASS" signature="beforeClass()[pri:0, instance:Selenuimexample.Ananttest@4fe3c938]" name="beforeClass" is-config="true" duration-ms="0" started-at="2022-08-01T12:58:53 IST" finished-at="2022-08-01T12:58:53 IST">
          <reporter-output>
          </reporter-output>
        </test-method> <!-- beforeClass -->
        <test-method status="PASS" signature="beforeMethod()[pri:0, instance:Selenuimexample.Ananttest@4fe3c938]" name="beforeMethod" is-config="true" duration-ms="1" started-at="2022-08-01T12:58:53 IST" finished-at="2022-08-01T12:58:53 IST">
          <reporter-output>
          </reporter-output>
        </test-method> <!-- beforeMethod -->
        <test-method status="PASS" signature="f()[pri:0, instance:Selenuimexample.Ananttest@4fe3c938]" name="f" duration-ms="9" started-at="2022-08-01T12:58:53 IST" finished-at="2022-08-01T12:58:53 IST">
          <reporter-output>
          </reporter-output>
        </test-method> <!-- f -->
        <test-method status="PASS" signature="afterMethod()[pri:0, instance:Selenuimexample.Ananttest@4fe3c938]" name="afterMethod" is-config="true" duration-ms="1" started-at="2022-08-01T12:58:53 IST" finished-at="2022-08-01T12:58:53 IST">
          <reporter-output>
          </reporter-output>
        </test-method> <!-- afterMethod -->
        <test-method status="PASS" signature="afterClass()[pri:0, instance:Selenuimexample.Ananttest@4fe3c938]" name="afterClass" is-config="true" duration-ms="1" started-at="2022-08-01T12:58:53 IST" finished-at="2022-08-01T12:58:53 IST">
          <reporter-output>
          </reporter-output>
        </test-method> <!-- afterClass -->
        <test-method status="PASS" signature="afterTest()[pri:0, instance:Selenuimexample.Ananttest@4fe3c938]" name="afterTest" is-config="true" duration-ms="0" started-at="2022-08-01T12:58:53 IST" finished-at="2022-08-01T12:58:53 IST">
          <reporter-output>
          </reporter-output>
        </test-method> <!-- afterTest -->
      </class> <!-- Selenuimexample.Ananttest -->
    </test> <!-- Default test -->
  </suite> <!-- Default suite -->
</testng-results>
